<?xml version="1.0" encoding="UTF-8"?>
<testng-results total="2" passed="2" failed="0" skipped="0">
  <reporter-output>
  </reporter-output>
  <suite started-at="2024-01-26T20:59:49Z" name="test.com.AddBagTest" finished-at="2024-01-26T21:00:30Z" duration-ms="40892">
    <groups>
    </groups>
    <test started-at="2024-01-26T20:59:49Z" name="Command line test" finished-at="2024-01-26T21:00:30Z" duration-ms="40892">
      <class name="test.com.AddBagTest">
        <test-method is-config="true" signature="setUpClass()[pri:0, instance:test.com.AddBagTest@7a9273a8]" started-at="2024-01-26T14:59:49Z" name="setUpClass" finished-at="2024-01-26T14:59:49Z" duration-ms="7" status="PASS">
          <reporter-output>
          </reporter-output>
        </test-method> <!-- setUpClass -->
        <test-method is-config="true" signature="setUpMethod()[pri:0, instance:test.com.AddBagTest@7a9273a8]" started-at="2024-01-26T14:59:49Z" name="setUpMethod" finished-at="2024-01-26T14:59:51Z" duration-ms="1903" status="PASS">
          <reporter-output>
          </reporter-output>
        </test-method> <!-- setUpMethod -->
        <test-method signature="testAddBag()[pri:0, instance:test.com.AddBagTest@7a9273a8]" started-at="2024-01-26T14:59:51Z" name="testAddBag" finished-at="2024-01-26T15:00:06Z" duration-ms="15173" status="PASS">
          <reporter-output>
          </reporter-output>
        </test-method> <!-- testAddBag -->
        <test-method is-config="true" signature="tearDownMethod()[pri:0, instance:test.com.AddBagTest@7a9273a8]" started-at="2024-01-26T15:00:06Z" name="tearDownMethod" finished-at="2024-01-26T15:00:06Z" duration-ms="0" status="PASS">
          <reporter-output>
          </reporter-output>
        </test-method> <!-- tearDownMethod -->
        <test-method is-config="true" signature="setUpMethod()[pri:0, instance:test.com.AddBagTest@7a9273a8]" started-at="2024-01-26T15:00:06Z" name="setUpMethod" finished-at="2024-01-26T15:00:07Z" duration-ms="729" status="PASS">
          <reporter-output>
          </reporter-output>
        </test-method> <!-- setUpMethod -->
        <test-method signature="testAddBag2()[pri:0, instance:test.com.AddBagTest@7a9273a8]" started-at="2024-01-26T15:00:07Z" name="testAddBag2" finished-at="2024-01-26T15:00:30Z" duration-ms="23072" status="PASS">
          <reporter-output>
          </reporter-output>
        </test-method> <!-- testAddBag2 -->
        <test-method is-config="true" signature="tearDownMethod()[pri:0, instance:test.com.AddBagTest@7a9273a8]" started-at="2024-01-26T15:00:30Z" name="tearDownMethod" finished-at="2024-01-26T15:00:30Z" duration-ms="0" status="PASS">
          <reporter-output>
          </reporter-output>
        </test-method> <!-- tearDownMethod -->
        <test-method is-config="true" signature="tearDownClass()[pri:0, instance:test.com.AddBagTest@7a9273a8]" started-at="2024-01-26T15:00:30Z" name="tearDownClass" finished-at="2024-01-26T15:00:30Z" duration-ms="0" status="PASS">
          <reporter-output>
          </reporter-output>
        </test-method> <!-- tearDownClass -->
      </class> <!-- test.com.AddBagTest -->
    </test> <!-- Command line test -->
  </suite> <!-- test.com.AddBagTest -->
</testng-results>
